2024-02-08 14:31:02,595 - pyswarms.single.global_best - INFO - Optimize for 1000 iters with {'c1': 0.5, 'c2': 0.3, 'w': 0.9}
2024-02-08 14:31:03,319 - pyswarms.single.global_best - INFO - Optimization finished | best cost: 2.8045561339097822e-42, best pos: [1.57450109e-21 5.70528214e-22]
2024-02-08 14:36:19,897 - pyswarms.single.global_best - INFO - Optimize for 1000 iters with {'c1': 0.5, 'c2': 0.3, 'w': 0.9}
2024-02-08 14:36:20,570 - pyswarms.single.global_best - INFO - Optimization finished | best cost: 1.9586852963351635e-43, best pos: [ 2.84466405e-23 -4.41655203e-22]
2024-02-08 14:51:03,786 - pyswarms.single.global_best - INFO - Optimize for 1000 iters with {'c1': 0.5, 'c2': 0.3, 'w': 0.9}
2024-02-08 14:51:04,534 - pyswarms.single.global_best - INFO - Optimization finished | best cost: 6.992485521701242e-44, best pos: [-2.58535696e-22 -5.55351173e-23]
2024-02-08 14:51:53,911 - pyswarms.single.global_best - INFO - Optimize for 1000 iters with {'c1': 0.5, 'c2': 0.3, 'w': 0.9}
2024-02-08 14:51:54,679 - pyswarms.single.global_best - INFO - Optimization finished | best cost: 5.170436697839287e-44, best pos: [-1.25598558e-22  1.89550440e-22]
2024-02-08 15:59:58,485 - pyswarms.single.global_best - INFO - Optimize for 1000 iters with {'c1': 0.5, 'c2': 0.3, 'w': 0.9}
2024-02-08 16:03:08,497 - pyswarms.single.global_best - INFO - Optimize for 1000 iters with {'c1': 0.5, 'c2': 0.3, 'w': 0.9}
2024-02-08 16:03:13,346 - pyswarms.single.global_best - INFO - Optimize for 1000 iters with {'c1': 0.5, 'c2': 0.3, 'w': 0.9}
2024-02-13 12:51:09,101 - pyswarms.single.global_best - INFO - Optimize for 1000 iters with {'c1': 0.5, 'c2': 0.3, 'w': 0.9}
2024-02-13 12:59:16,485 - pyswarms.single.global_best - INFO - Optimize for 1000 iters with {'c1': 0.5, 'c2': 0.3, 'w': 0.9}
2024-02-13 12:59:17,708 - pyswarms.single.global_best - INFO - Optimization finished | best cost: 1.2568033235541124e-41, best pos: [2.43492595e-21 2.57665847e-21]
2024-02-13 13:00:07,288 - pyswarms.single.global_best - INFO - Optimize for 1000 iters with {'c1': 0.5, 'c2': 0.3, 'w': 0.9}
2024-02-13 13:00:09,272 - pyswarms.single.global_best - INFO - Optimization finished | best cost: 6.979917919243694e-42, best pos: [-2.32558035e-21  1.25363231e-21]
2024-02-13 13:01:10,110 - pyswarms.single.global_best - INFO - Optimize for 1000 iters with {'c1': 0.5, 'c2': 0.3, 'w': 0.9}
2024-02-13 13:01:13,490 - pyswarms.single.global_best - INFO - Optimization finished | best cost: 1.132513258163039e-40, best pos: [-9.09822503e-21  5.52029231e-21]
2024-02-13 13:01:34,691 - pyswarms.single.global_best - INFO - Optimize for 1000 iters with {'c1': 0.5, 'c2': 0.3, 'w': 0.9}
2024-02-13 13:01:41,468 - pyswarms.single.global_best - INFO - Optimize for 1000 iters with {'c1': 0.5, 'c2': 0.3, 'w': 0.9}
2024-02-13 13:01:43,132 - pyswarms.single.global_best - INFO - Optimization finished | best cost: 3.8079591462680385e-42, best pos: [2.17418565e-22 1.93924942e-21]
2024-02-13 13:04:39,899 - pyswarms.single.global_best - INFO - Optimize for 1000 iters with {'c1': 0.5, 'c2': 0.3, 'w': 0.9}
2024-02-13 13:04:40,913 - pyswarms.single.global_best - INFO - Optimization finished | best cost: 2.1701466910121646e-40, best pos: [-1.47067000e-20 -8.53020612e-22]
2024-02-13 13:05:53,966 - pyswarms.single.global_best - INFO - Optimize for 1000 iters with {'c1': 0.5, 'c2': 0.3, 'w': 0.9}
2024-02-13 13:07:55,574 - pyswarms.single.global_best - INFO - Optimization finished | best cost: 1.4272759040216335e-42, best pos: [ 4.54747937e-22 -1.10475346e-21]
2024-02-13 13:11:22,064 - pyswarms.single.global_best - INFO - Optimize for 1000 iters with {'c1': 0.5, 'c2': 0.3, 'w': 0.9}
2024-02-13 13:11:45,487 - pyswarms.single.global_best - INFO - Optimize for 1000 iters with {'c1': 0.5, 'c2': 0.3, 'w': 0.9}
2024-02-13 13:11:59,479 - pyswarms.single.global_best - INFO - Optimize for 1000 iters with {'c1': 0.5, 'c2': 0.3, 'w': 0.9}
2024-02-13 13:12:15,651 - pyswarms.single.global_best - INFO - Optimize for 1000 iters with {'c1': 0.5, 'c2': 0.3, 'w': 0.9}
2024-02-13 13:13:07,106 - pyswarms.single.global_best - INFO - Optimize for 1000 iters with {'c1': 0.5, 'c2': 0.3, 'w': 0.9}
2024-02-13 13:13:29,762 - pyswarms.single.global_best - INFO - Optimize for 1000 iters with {'c1': 0.5, 'c2': 0.3, 'w': 0.9}
2024-02-13 13:13:31,339 - pyswarms.single.global_best - INFO - Optimization finished | best cost: 6.298475273138452e-41, best pos: [-7.58338665e-21  2.34029904e-21]
2024-02-13 13:13:47,268 - pyswarms.single.global_best - INFO - Optimize for 1000 iters with {'c1': 0.5, 'c2': 0.3, 'w': 0.9}
2024-02-13 13:13:47,962 - pyswarms.single.global_best - INFO - Optimization finished | best cost: 4.488978542686852e-40, best pos: [1.32852849e-20 1.65045163e-20]
2024-02-13 13:17:15,429 - pyswarms.single.global_best - INFO - Optimize for 1000 iters with {'c1': 0.5, 'c2': 0.3, 'w': 0.9}
2024-02-13 13:17:16,141 - pyswarms.single.global_best - INFO - Optimization finished | best cost: 6.407381002877795e-44, best pos: [2.53128051e-22]
2024-02-13 13:23:03,106 - pyswarms.single.global_best - INFO - Optimize for 3 iters with {'c1': 0.5, 'c2': 0.3, 'w': 0.9}
2024-02-13 13:23:26,564 - pyswarms.single.global_best - INFO - Optimize for 3 iters with {'c1': 0.5, 'c2': 0.3, 'w': 0.9}
2024-02-13 13:23:33,223 - pyswarms.single.global_best - INFO - Optimization finished | best cost: 1.2737360188811235, best pos: [18.18091933]
2024-02-13 13:52:23,316 - pyswarms.single.global_best - INFO - Optimize for 30 iters with {'c1': 0.5, 'c2': 0.3, 'w': 0.9}
2024-02-13 13:53:28,528 - pyswarms.single.global_best - INFO - Optimization finished | best cost: 0.9712286857832682, best pos: [10.8482302]
2024-02-13 14:14:37,700 - pyswarms.single.global_best - INFO - Optimize for 30 iters with {'c1': 0.5, 'c2': 0.3, 'w': 0.9}
2024-02-13 14:15:46,791 - pyswarms.single.global_best - INFO - Optimization finished | best cost: 0.9507257130595171, best pos: [30.62942086]
2024-02-13 14:16:16,934 - pyswarms.single.global_best - INFO - Optimize for 30 iters with {'c1': 0.5, 'c2': 0.3, 'w': 0.9}
2024-02-13 14:19:20,694 - pyswarms.single.global_best - INFO - Optimization finished | best cost: 0.9423648615258796, best pos: [16.90868403]
